<?xml version="1.0" encoding="UTF-8"?>
<!-- Generated by org.testng.reporters.JUnitXMLReporter -->
<testsuite ignored="1" hostname="DESKTOP-OEI395N" failures="0" tests="1" name="Default test" time="15.211" errors="0" timestamp="2024-03-30T16:31:52 IST">
  <testcase classname="Maven_jenkins.WDGET2024045_MavenJenkins.AppTest" name="validateLogin" time="15.12"/>
  <testcase classname="Maven_jenkins.WDGET2024045_MavenJenkins.AppTest" name="openBrowser" time="0.0">
    <ignored/>
  </testcase> <!-- openBrowser -->
</testsuite> <!-- Default test -->
