<?xml version="1.0" encoding="UTF-8"?>
<testng-results ignored="0" total="1" passed="1" failed="0" skipped="0">
  <reporter-output>
  </reporter-output>
  <suite started-at="2024-03-30T16:31:36 IST" name="Default suite" finished-at="2024-03-30T16:31:51 IST" duration-ms="15211">
    <groups>
    </groups>
    <test started-at="2024-03-30T16:31:36 IST" name="Default test" finished-at="2024-03-30T16:31:51 IST" duration-ms="15211">
      <class name="Maven_jenkins.WDGET2024045_MavenJenkins.AppTest">
        <test-method signature="validateLogin()[pri:0, instance:Maven_jenkins.WDGET2024045_MavenJenkins.AppTest@515aebb0]" started-at="2024-03-30T16:31:36 IST" name="validateLogin" finished-at="2024-03-30T16:31:51 IST" duration-ms="15120" status="PASS">
          <reporter-output>
          </reporter-output>
        </test-method> <!-- validateLogin -->
      </class> <!-- Maven_jenkins.WDGET2024045_MavenJenkins.AppTest -->
    </test> <!-- Default test -->
  </suite> <!-- Default suite -->
</testng-results>
